<?xml version="1.0" encoding="UTF-8"?>
<!-- Generated by org.testng.reporters.JUnitReportReporter -->
<testsuite hostname="DESKTOP-BTR5V2G" failures="0" tests="2" name="TestNgFeatures.Testng_EmailableReport" time="0.002" errors="0" timestamp="2022-11-16T14:24:20 IST" skipped="0">
  <testcase classname="TestNgFeatures.Testng_EmailableReport" name="orangeHRMsearch" time="0.001"/>
  <system-out>
    <![CDATA[Search Test Passed]]>
  </system-out>
  <testcase classname="TestNgFeatures.Testng_EmailableReport" name="orangeHRMTest" time="0.001"/>
  <system-out>
    <![CDATA[Running OrangeHRMTest]]>
  </system-out>
</testsuite> <!-- TestNgFeatures.Testng_EmailableReport -->
