<?xml version="1.0" encoding="UTF-8"?>
<!-- Generated by org.testng.reporters.JUnitReportReporter -->
<testsuite hostname="DESKTOP-BTR5V2G" failures="0" tests="1" name="TestingParametrization.Parameters1" time="27.133" errors="0" timestamp="2022-11-17T20:03:28 IST" skipped="0">
  <testcase classname="TestingParametrization.Parameters1" name="LoginTest" time="27.133"/>
  <system-out/>
</testsuite> <!-- TestingParametrization.Parameters1 -->
