<?xml version="1.0" encoding="UTF-8"?>
<!-- Generated by org.testng.reporters.JUnitReportReporter -->
<testsuite hostname="DESKTOP-BTR5V2G" failures="0" tests="2" name="TestNg_Assertion.Soft_Assertion" time="0.016" errors="0" timestamp="2022-11-15T20:42:19 IST" skipped="0">
  <testcase classname="TestNg_Assertion.Soft_Assertion" name="DemoTest1" time="0.015"/>
  <system-out/>
  <testcase classname="TestNg_Assertion.Soft_Assertion" name="DemoTest2" time="0.001"/>
  <system-out/>
</testsuite> <!-- TestNg_Assertion.Soft_Assertion -->
