<?xml version="1.0" encoding="UTF-8"?>
<!-- Generated by org.testng.reporters.JUnitReportReporter -->
<testsuite hostname="DESKTOP-BTR5V2G" failures="0" tests="2" name="TestNg_Assertion.HardAssertion_EX" time="30.928" errors="0" timestamp="2022-11-15T20:32:29 IST" skipped="0">
  <testcase classname="TestNg_Assertion.HardAssertion_EX" name="Username" time="15.671"/>
  <system-out/>
  <testcase classname="TestNg_Assertion.HardAssertion_EX" name="orangeHRM" time="15.257"/>
  <system-out/>
</testsuite> <!-- TestNg_Assertion.HardAssertion_EX -->
