<?xml version="1.0" encoding="UTF-8"?>
<!-- Generated by org.testng.reporters.JUnitReportReporter -->
<testsuite hostname="DESKTOP-BTR5V2G" failures="0" tests="2" name="TestNgFeatures.Testng_Test_case" time="11.677" errors="0" timestamp="2022-11-16T14:24:20 IST" skipped="0">
  <testcase classname="TestNgFeatures.Testng_Test_case" name="m1" time="11.674"/>
  <system-out/>
  <testcase classname="TestNgFeatures.Testng_Test_case" name="m2" time="0.003"/>
  <system-out/>
</testsuite> <!-- TestNgFeatures.Testng_Test_case -->
