<?xml version="1.0" encoding="UTF-8"?>
<!-- Generated by org.testng.reporters.JUnitReportReporter -->
<testsuite hostname="DESKTOP-BTR5V2G" failures="0" tests="4" name="DataProvider.DataProvider2" time="64.455" errors="0" timestamp="2022-11-21T14:10:58 IST" skipped="0">
  <testcase classname="DataProvider.DataProvider2" name="LoginTest" time="14.190"/>
  <system-out/>
  <testcase classname="DataProvider.DataProvider2" name="LoginTest" time="14.422"/>
  <system-out/>
  <testcase classname="DataProvider.DataProvider2" name="LoginTest" time="21.787"/>
  <system-out/>
  <testcase classname="DataProvider.DataProvider2" name="LoginTest" time="14.056"/>
  <system-out/>
</testsuite> <!-- DataProvider.DataProvider2 -->
