<?xml version="1.0" encoding="UTF-8"?>
<!-- Generated by org.testng.reporters.JUnitReportReporter -->
<testsuite hostname="DESKTOP-BTR5V2G" failures="0" tests="10" name="TestNgFeatures.Keyword5_invocationCount" time="0.419" errors="0" timestamp="2022-11-16T14:24:20 IST" skipped="0">
  <testcase classname="TestNgFeatures.Keyword5_invocationCount" name="m1" time="0.007"/>
  <system-out/>
  <testcase classname="TestNgFeatures.Keyword5_invocationCount" name="m1" time="0.003"/>
  <system-out/>
  <testcase classname="TestNgFeatures.Keyword5_invocationCount" name="m1" time="0.002"/>
  <system-out/>
  <testcase classname="TestNgFeatures.Keyword5_invocationCount" name="m1" time="0.004"/>
  <system-out/>
  <testcase classname="TestNgFeatures.Keyword5_invocationCount" name="m1" time="0.001"/>
  <system-out/>
  <testcase classname="TestNgFeatures.Keyword5_invocationCount" name="m1" time="0.003"/>
  <system-out/>
  <testcase classname="TestNgFeatures.Keyword5_invocationCount" name="m1" time="0.001"/>
  <system-out/>
  <testcase classname="TestNgFeatures.Keyword5_invocationCount" name="m1" time="0.003"/>
  <system-out/>
  <testcase classname="TestNgFeatures.Keyword5_invocationCount" name="m1" time="0.001"/>
  <system-out/>
  <testcase classname="TestNgFeatures.Keyword5_invocationCount" name="m1" time="0.394"/>
  <system-out/>
</testsuite> <!-- TestNgFeatures.Keyword5_invocationCount -->
