<?xml version="1.0" encoding="UTF-8"?>
<!-- Generated by org.testng.reporters.JUnitReportReporter -->
<testsuite hostname="DESKTOP-BTR5V2G" failures="0" tests="1" name="TestNgFeatures.Keyword8_expectedException" time="0.003" errors="0" timestamp="2022-11-16T14:24:20 IST" skipped="0">
  <testcase classname="TestNgFeatures.Keyword8_expectedException" name="Test1" time="0.003"/>
  <system-out/>
</testsuite> <!-- TestNgFeatures.Keyword8_expectedException -->
