<?xml version="1.0" encoding="UTF-8"?>
<!-- Generated by org.testng.reporters.JUnitReportReporter -->
<testsuite hostname="DESKTOP-BTR5V2G" failures="0" tests="3" name="ParallelTesting.ParallelTesting1" time="48.469" errors="0" timestamp="2022-11-16T19:39:13 IST" skipped="0">
  <testcase classname="ParallelTesting.ParallelTesting1" name="Module1" time="19.696"/>
  <system-out/>
  <testcase classname="ParallelTesting.ParallelTesting1" name="Module2" time="13.868"/>
  <system-out/>
  <testcase classname="ParallelTesting.ParallelTesting1" name="Module3" time="14.905"/>
  <system-out/>
</testsuite> <!-- ParallelTesting.ParallelTesting1 -->
