<?xml version="1.0" encoding="UTF-8"?>
<!-- Generated by org.testng.reporters.JUnitReportReporter -->
<testsuite hostname="DESKTOP-BTR5V2G" failures="0" tests="3" name="TestNgFeatures.Keyword1" time="82.275" errors="0" timestamp="2022-11-16T14:24:20 IST" skipped="0">
  <testcase classname="TestNgFeatures.Keyword1" name="LoginPage" time="25.654"/>
  <system-out/>
  <testcase classname="TestNgFeatures.Keyword1" name="OrangeHRMLogo" time="27.773"/>
  <system-out/>
  <testcase classname="TestNgFeatures.Keyword1" name="forgotpassword" time="28.848"/>
  <system-out/>
</testsuite> <!-- TestNgFeatures.Keyword1 -->
