<?xml version="1.0" encoding="UTF-8"?>
<!-- Generated by org.testng.reporters.JUnitReportReporter -->
<testsuite hostname="DESKTOP-BTR5V2G" failures="0" tests="3" name="ParallelTesting.ParallelTesting3" time="39.739" errors="0" timestamp="2022-11-16T19:39:13 IST" skipped="0">
  <testcase classname="ParallelTesting.ParallelTesting3" name="Module1" time="17.394"/>
  <system-out/>
  <testcase classname="ParallelTesting.ParallelTesting3" name="Module2" time="13.190"/>
  <system-out/>
  <testcase classname="ParallelTesting.ParallelTesting3" name="Module3" time="9.155"/>
  <system-out/>
</testsuite> <!-- ParallelTesting.ParallelTesting3 -->
