<?xml version="1.0" encoding="UTF-8"?>
<!-- Generated by org.testng.reporters.JUnitReportReporter -->
<testsuite hostname="DESKTOP-BTR5V2G" failures="0" tests="3" name="TestNgAnnotation.Annotation1" time="0.017" errors="0" timestamp="2022-11-15T07:46:02 IST" skipped="0">
  <testcase classname="TestNgAnnotation.Annotation1" name="demo2" time="0.009"/>
  <system-out/>
  <testcase classname="TestNgAnnotation.Annotation1" name="GoogletitleTest" time="0.000"/>
  <system-out/>
  <testcase classname="TestNgAnnotation.Annotation1" name="demo" time="0.008"/>
  <system-out/>
</testsuite> <!-- TestNgAnnotation.Annotation1 -->
