<?xml version="1.0" encoding="UTF-8"?>
<!-- Generated by org.testng.reporters.JUnitReportReporter -->
<testsuite hostname="DESKTOP-BTR5V2G" failures="0" tests="7" name="TestNgFeatures.Keyword2_priority" time="17.002" errors="0" timestamp="2022-11-16T14:24:20 IST" skipped="0">
  <testcase classname="TestNgFeatures.Keyword2_priority" name="test1" time="0.003"/>
  <system-out/>
  <testcase classname="TestNgFeatures.Keyword2_priority" name="Setup" time="16.146"/>
  <system-out/>
  <testcase classname="TestNgFeatures.Keyword2_priority" name="A" time="0.008"/>
  <system-out/>
  <testcase classname="TestNgFeatures.Keyword2_priority" name="test3" time="0.000"/>
  <system-out/>
  <testcase classname="TestNgFeatures.Keyword2_priority" name="test2" time="0.008"/>
  <system-out/>
  <testcase classname="TestNgFeatures.Keyword2_priority" name="OranagehrmLogo" time="0.816"/>
  <system-out/>
  <testcase classname="TestNgFeatures.Keyword2_priority" name="Loginpage" time="0.021"/>
  <system-out/>
</testsuite> <!-- TestNgFeatures.Keyword2_priority -->
