<?xml version="1.0" encoding="UTF-8"?>
<!-- Generated by org.testng.reporters.JUnitReportReporter -->
<testsuite hostname="DESKTOP-BTR5V2G" failures="0" tests="3" name="ParallelTesting.ParallelTesting2" time="47.209" errors="0" timestamp="2022-11-16T19:39:13 IST" skipped="0">
  <testcase classname="ParallelTesting.ParallelTesting2" name="Module1" time="19.570"/>
  <system-out/>
  <testcase classname="ParallelTesting.ParallelTesting2" name="Module2" time="15.953"/>
  <system-out/>
  <testcase classname="ParallelTesting.ParallelTesting2" name="Module3" time="11.686"/>
  <system-out/>
</testsuite> <!-- ParallelTesting.ParallelTesting2 -->
